<?xml version="1.0" encoding="utf-8"?><testsuites name="pytest tests"><testsuite name="pytest" errors="0" failures="0" skipped="0" tests="14" time="1.860" timestamp="2026-08-13T09:16:43.821046+00:00" hostname="agent-env-6509d247-711a-4c75-9130-aa5b771db4fe"><testcase classname="tests.test_videos.TestRegression" name="test_health" time="0.213" /><testcase classname="tests.test_videos.TestVideos" name="test_upload_video_success" time="0.197" /><testcase classname="tests.test_videos.TestVideos" name="test_list_videos_contains_upload" time="0.133" /><testcase classname="tests.test_videos.TestRegression" name="test_program" time="0.120" /><testcase classname="tests.test_videos.TestVideos" name="test_by_exercise_lookup" time="0.148" /><testcase classname="tests.test_videos.TestRegression" name="test_session_full_body_a" time="0.098" /><testcase classname="tests.test_videos.TestRegression" name="test_state" time="0.101" /><testcase classname="tests.test_videos.TestVideos" name="test_static_serve" time="0.130" /><testcase classname="tests.test_videos.TestRegression" name="test_logs_list" time="0.118" /><testcase classname="tests.test_videos.TestVideos" name="test_replace_video_for_same_exercise" time="0.381" /><testcase classname="tests.test_videos.TestExercises" name="test_exercises_list" time="0.098" /><testcase classname="tests.test_videos.TestVideos" name="test_upload_bad_type" time="0.100" /><testcase classname="tests.test_videos.TestVideos" name="test_delete_video" time="0.182" /><testcase classname="tests.test_videos.TestVideos" name="test_cleanup" time="0.092" /></testsuite></testsuites>