<?xml version="1.0" encoding="utf-8"?><testsuites name="pytest tests"><testsuite name="pytest" errors="0" failures="0" skipped="0" tests="33" time="4.854" timestamp="2026-08-13T13:15:14.950497+00:00" hostname="agent-env-6509d247-711a-4c75-9130-aa5b771db4fe"><testcase classname="tests.test_videos.TestVideos" name="test_upload_video_success" time="0.166" /><testcase classname="tests.test_videos.TestVideos" name="test_list_videos_contains_upload" time="0.125" /><testcase classname="tests.test_youtube_orientation.TestYoutubeOrientation" name="test_shorts_orientation_portrait" time="0.347" /><testcase classname="tests.test_videos.TestVideos" name="test_by_exercise_lookup" time="0.123" /><testcase classname="tests.test_youtube_orientation.TestYoutubeOrientation" name="test_regular_watch_url_landscape" time="0.131" /><testcase classname="tests.test_videos.TestVideos" name="test_static_serve" time="0.145" /><testcase classname="tests.test_youtube_orientation.TestYoutubeOrientation" name="test_youtu_be_alias_landscape" time="0.096" /><testcase classname="tests.test_videos.TestVideos" name="test_replace_video_for_same_exercise" time="0.522" /><testcase classname="tests.test_youtube_orientation.TestYoutubeOrientation" name="test_list_videos_includes_orientation" time="0.128" /><testcase classname="tests.test_youtube_orientation.TestYoutubeOrientation" name="test_by_exercise_includes_orientation" time="0.111" /><testcase classname="tests.test_youtube_orientation.TestYoutubeOrientation" name="test_invalid_url_returns_400" time="0.785" /><testcase classname="tests.test_videos.TestVideos" name="test_upload_bad_type" time="0.101" /><testcase classname="tests.test_videos.TestVideos" name="test_delete_video" time="0.241" /><testcase classname="tests.test_videos.TestVideos" name="test_cleanup" time="0.245" /><testcase classname="tests.test_videos.TestRegression" name="test_health" time="0.121" /><testcase classname="tests.backend_test.TestProgram" name="test_get_program" time="0.118" /><testcase classname="tests.test_videos.TestRegression" name="test_program" time="0.102" /><testcase classname="tests.backend_test.TestProgram" name="test_get_full_body_a" time="0.066" /><testcase classname="tests.test_videos.TestRegression" name="test_session_full_body_a" time="0.099" /><testcase classname="tests.backend_test.TestProgram" name="test_get_cricket_day_checklist" time="0.060" /><testcase classname="tests.backend_test.TestProgram" name="test_get_session_nonexistent" time="0.054" /><testcase classname="tests.test_videos.TestRegression" name="test_state" time="0.097" /><testcase classname="tests.backend_test.TestState" name="test_get_state" time="0.059" /><testcase classname="tests.test_videos.TestRegression" name="test_logs_list" time="0.130" /><testcase classname="tests.backend_test.TestState" name="test_update_week_valid" time="0.174" /><testcase classname="tests.backend_test.TestLogs" name="test_full_log_flow_and_suggestion" time="1.910" /><testcase classname="tests.backend_test.TestState" name="test_update_week_boundary_zero" time="0.056" /><testcase classname="tests.backend_test.TestState" name="test_update_week_boundary_thirteen" time="0.056" /><testcase classname="tests.backend_test.TestHealth" name="test_health_ok" time="0.055" /><testcase classname="tests.test_videos.TestExercises" name="test_exercises_list" time="0.123" /><testcase classname="tests.backend_test.TestLogs" name="test_delete_nonexistent_log" time="0.067" /><testcase classname="tests.backend_test.TestTTS" name="test_tts_generates_and_caches" time="0.139" /><testcase classname="tests.backend_test.TestTTS" name="test_tts_empty_text" time="0.067" /></testsuite></testsuites>