<?xml version="1.0" encoding="utf-8"?><testsuites name="pytest tests"><testsuite name="pytest" errors="0" failures="0" skipped="0" tests="6" time="2.386" timestamp="2026-08-13T13:15:07.739038+00:00" hostname="agent-env-6509d247-711a-4c75-9130-aa5b771db4fe"><testcase classname="tests.test_youtube_orientation.TestYoutubeOrientation" name="test_shorts_orientation_portrait" time="0.650" /><testcase classname="tests.test_youtube_orientation.TestYoutubeOrientation" name="test_regular_watch_url_landscape" time="0.104" /><testcase classname="tests.test_youtube_orientation.TestYoutubeOrientation" name="test_youtu_be_alias_landscape" time="0.183" /><testcase classname="tests.test_youtube_orientation.TestYoutubeOrientation" name="test_list_videos_includes_orientation" time="0.131" /><testcase classname="tests.test_youtube_orientation.TestYoutubeOrientation" name="test_by_exercise_includes_orientation" time="0.112" /><testcase classname="tests.test_youtube_orientation.TestYoutubeOrientation" name="test_invalid_url_returns_400" time="0.720" /></testsuite></testsuites>