<?xml version="1.0" encoding="utf-8"?><testsuites name="pytest tests"><testsuite name="pytest" errors="0" failures="0" skipped="0" tests="13" time="3.833" timestamp="2026-08-13T08:57:27.267815+00:00" hostname="agent-env-6509d247-711a-4c75-9130-aa5b771db4fe"><testcase classname="tests.backend_test.TestState" name="test_get_state" time="0.211" /><testcase classname="tests.backend_test.TestProgram" name="test_get_program" time="0.211" /><testcase classname="tests.backend_test.TestProgram" name="test_get_full_body_a" time="0.049" /><testcase classname="tests.backend_test.TestState" name="test_update_week_valid" time="0.142" /><testcase classname="tests.backend_test.TestProgram" name="test_get_cricket_day_checklist" time="0.045" /><testcase classname="tests.backend_test.TestProgram" name="test_get_session_nonexistent" time="0.043" /><testcase classname="tests.backend_test.TestLogs" name="test_full_log_flow_and_suggestion" time="1.605" /><testcase classname="tests.backend_test.TestState" name="test_update_week_boundary_zero" time="0.042" /><testcase classname="tests.backend_test.TestState" name="test_update_week_boundary_thirteen" time="0.043" /><testcase classname="tests.backend_test.TestHealth" name="test_health_ok" time="0.043" /><testcase classname="tests.backend_test.TestLogs" name="test_delete_nonexistent_log" time="0.047" /><testcase classname="tests.backend_test.TestTTS" name="test_tts_generates_and_caches" time="1.322" /><testcase classname="tests.backend_test.TestTTS" name="test_tts_empty_text" time="0.044" /></testsuite></testsuites>